0 verbose cli C:\Program Files\nodejs\node.exe C:\Program Files\nodejs\node_modules\npm\bin\npm-cli.js
1 info using npm@11.6.2
2 info using node@v24.13.0
3 silly config load:file:C:\Program Files\nodejs\node_modules\npm\npmrc
4 silly config load:file:D:\telegram bot habit\frontend\.npmrc
5 silly config load:file:C:\Users\fqrealicy\.npmrc
6 silly config load:file:C:\Users\fqrealicy\AppData\Roaming\npm\etc\npmrc
7 verbose title npm exec vercel --prod
8 verbose argv "exec" "--" "vercel" "--prod"
9 verbose logfile logs-max:10 dir:D:\telegram bot habit\.npm-cache\_logs\2026-02-05T01_55_54_399Z-
10 verbose logfile D:\telegram bot habit\.npm-cache\_logs\2026-02-05T01_55_54_399Z-debug-0.log
11 silly logfile start cleaning logs, removing 1 files
12 silly logfile done cleaning log files
13 silly packumentCache heap:4496293888 maxSize:1124073472 maxEntrySize:562036736
14 http fetch GET 200 https://registry.npmjs.org/vercel 878ms (cache revalidated)
15 silly packumentCache heap:4496293888 maxSize:1124073472 maxEntrySize:562036736
16 verbose Could not read global path C:\Users\fqrealicy\AppData\Roaming\npm, ignoring
17 silly packumentCache heap:4496293888 maxSize:1124073472 maxEntrySize:562036736
18 verbose cwd D:\telegram bot habit\frontend
19 verbose os Windows_NT 10.0.26200
20 verbose node v24.13.0
21 verbose npm  v11.6.2
22 verbose exit 0
23 info ok
