0 verbose cli C:\Program Files\nodejs\node.exe C:\Program Files\nodejs\node_modules\npm\bin\npm-cli.js
1 info using npm@11.6.2
2 info using node@v24.13.0
3 silly config load:file:C:\Program Files\nodejs\node_modules\npm\npmrc
4 silly config load:file:D:\telegram bot habit\frontend\.npmrc
5 silly config load:file:C:\Users\fqrealicy\.npmrc
6 silly config load:file:C:\Users\fqrealicy\AppData\Roaming\npm\etc\npmrc
7 verbose title npm install
8 verbose argv "install"
9 verbose logfile logs-max:10 dir:D:\telegram bot habit\.npm-cache\_logs\2026-02-05T00_43_31_416Z-
10 verbose logfile D:\telegram bot habit\.npm-cache\_logs\2026-02-05T00_43_31_416Z-debug-0.log
11 silly logfile start cleaning logs, removing 1 files
12 silly logfile done cleaning log files
13 silly packumentCache heap:4496293888 maxSize:1124073472 maxEntrySize:562036736
14 silly idealTree buildDeps
15 silly reify moves {}
16 silly audit bulk request {
16 silly audit   '@babel/code-frame': [ '7.29.0' ],
16 silly audit   '@babel/compat-data': [ '7.29.0' ],
16 silly audit   '@babel/core': [ '7.29.0' ],
16 silly audit   '@babel/generator': [ '7.29.1' ],
16 silly audit   '@babel/helper-compilation-targets': [ '7.28.6' ],
16 silly audit   '@babel/helper-globals': [ '7.28.0' ],
16 silly audit   '@babel/helper-module-imports': [ '7.28.6' ],
16 silly audit   '@babel/helper-module-transforms': [ '7.28.6' ],
16 silly audit   '@babel/helper-plugin-utils': [ '7.28.6' ],
16 silly audit   '@babel/helper-string-parser': [ '7.27.1' ],
16 silly audit   '@babel/helper-validator-identifier': [ '7.28.5' ],
16 silly audit   '@babel/helper-validator-option': [ '7.27.1' ],
16 silly audit   '@babel/helpers': [ '7.28.6' ],
16 silly audit   '@babel/parser': [ '7.29.0' ],
16 silly audit   '@babel/plugin-transform-react-jsx-self': [ '7.27.1' ],
16 silly audit   '@babel/plugin-transform-react-jsx-source': [ '7.27.1' ],
16 silly audit   '@babel/template': [ '7.28.6' ],
16 silly audit   '@babel/traverse': [ '7.29.0' ],
16 silly audit   '@babel/types': [ '7.29.0' ],
16 silly audit   '@esbuild/aix-ppc64': [ '0.24.2' ],
16 silly audit   '@esbuild/android-arm': [ '0.24.2' ],
16 silly audit   '@esbuild/android-arm64': [ '0.24.2' ],
16 silly audit   '@esbuild/android-x64': [ '0.24.2' ],
16 silly audit   '@esbuild/darwin-arm64': [ '0.24.2' ],
16 silly audit   '@esbuild/darwin-x64': [ '0.24.2' ],
16 silly audit   '@esbuild/freebsd-arm64': [ '0.24.2' ],
16 silly audit   '@esbuild/freebsd-x64': [ '0.24.2' ],
16 silly audit   '@esbuild/linux-arm': [ '0.24.2' ],
16 silly audit   '@esbuild/linux-arm64': [ '0.24.2' ],
16 silly audit   '@esbuild/linux-ia32': [ '0.24.2' ],
16 silly audit   '@esbuild/linux-loong64': [ '0.24.2' ],
16 silly audit   '@esbuild/linux-mips64el': [ '0.24.2' ],
16 silly audit   '@esbuild/linux-ppc64': [ '0.24.2' ],
16 silly audit   '@esbuild/linux-riscv64': [ '0.24.2' ],
16 silly audit   '@esbuild/linux-s390x': [ '0.24.2' ],
16 silly audit   '@esbuild/linux-x64': [ '0.24.2' ],
16 silly audit   '@esbuild/netbsd-arm64': [ '0.24.2' ],
16 silly audit   '@esbuild/netbsd-x64': [ '0.24.2' ],
16 silly audit   '@esbuild/openbsd-arm64': [ '0.24.2' ],
16 silly audit   '@esbuild/openbsd-x64': [ '0.24.2' ],
16 silly audit   '@esbuild/sunos-x64': [ '0.24.2' ],
16 silly audit   '@esbuild/win32-arm64': [ '0.24.2' ],
16 silly audit   '@esbuild/win32-ia32': [ '0.24.2' ],
16 silly audit   '@esbuild/win32-x64': [ '0.24.2' ],
16 silly audit   '@jridgewell/gen-mapping': [ '0.3.13' ],
16 silly audit   '@jridgewell/remapping': [ '2.3.5' ],
16 silly audit   '@jridgewell/resolve-uri': [ '3.1.2' ],
16 silly audit   '@jridgewell/sourcemap-codec': [ '1.5.5' ],
16 silly audit   '@jridgewell/trace-mapping': [ '0.3.31' ],
16 silly audit   '@rollup/rollup-android-arm-eabi': [ '4.57.1' ],
16 silly audit   '@rollup/rollup-android-arm64': [ '4.57.1' ],
16 silly audit   '@rollup/rollup-darwin-arm64': [ '4.57.1' ],
16 silly audit   '@rollup/rollup-darwin-x64': [ '4.57.1' ],
16 silly audit   '@rollup/rollup-freebsd-arm64': [ '4.57.1' ],
16 silly audit   '@rollup/rollup-freebsd-x64': [ '4.57.1' ],
16 silly audit   '@rollup/rollup-linux-arm-gnueabihf': [ '4.57.1' ],
16 silly audit   '@rollup/rollup-linux-arm-musleabihf': [ '4.57.1' ],
16 silly audit   '@rollup/rollup-linux-arm64-gnu': [ '4.57.1' ],
16 silly audit   '@rollup/rollup-linux-arm64-musl': [ '4.57.1' ],
16 silly audit   '@rollup/rollup-linux-loong64-gnu': [ '4.57.1' ],
16 silly audit   '@rollup/rollup-linux-loong64-musl': [ '4.57.1' ],
16 silly audit   '@rollup/rollup-linux-ppc64-gnu': [ '4.57.1' ],
16 silly audit   '@rollup/rollup-linux-ppc64-musl': [ '4.57.1' ],
16 silly audit   '@rollup/rollup-linux-riscv64-gnu': [ '4.57.1' ],
16 silly audit   '@rollup/rollup-linux-riscv64-musl': [ '4.57.1' ],
16 silly audit   '@rollup/rollup-linux-s390x-gnu': [ '4.57.1' ],
16 silly audit   '@rollup/rollup-linux-x64-gnu': [ '4.57.1' ],
16 silly audit   '@rollup/rollup-linux-x64-musl': [ '4.57.1' ],
16 silly audit   '@rollup/rollup-openbsd-x64': [ '4.57.1' ],
16 silly audit   '@rollup/rollup-openharmony-arm64': [ '4.57.1' ],
16 silly audit   '@rollup/rollup-win32-arm64-msvc': [ '4.57.1' ],
16 silly audit   '@rollup/rollup-win32-ia32-msvc': [ '4.57.1' ],
16 silly audit   '@rollup/rollup-win32-x64-gnu': [ '4.57.1' ],
16 silly audit   '@rollup/rollup-win32-x64-msvc': [ '4.57.1' ],
16 silly audit   '@types/babel__core': [ '7.20.5' ],
16 silly audit   '@types/babel__generator': [ '7.27.0' ],
16 silly audit   '@types/babel__template': [ '7.4.4' ],
16 silly audit   '@types/babel__traverse': [ '7.28.0' ],
16 silly audit   '@types/estree': [ '1.0.8' ],
16 silly audit   '@vitejs/plugin-react': [ '4.3.4' ],
16 silly audit   'baseline-browser-mapping': [ '2.9.19' ],
16 silly audit   browserslist: [ '4.28.1' ],
16 silly audit   'caniuse-lite': [ '1.0.30001767' ],
16 silly audit   'convert-source-map': [ '2.0.0' ],
16 silly audit   debug: [ '4.4.3' ],
16 silly audit   'electron-to-chromium': [ '1.5.286' ],
16 silly audit   esbuild: [ '0.24.2' ],
16 silly audit   escalade: [ '3.2.0' ],
16 silly audit   fsevents: [ '2.3.3' ],
16 silly audit   gensync: [ '1.0.0-beta.2' ],
16 silly audit   'js-tokens': [ '4.0.0' ],
16 silly audit   jsesc: [ '3.1.0' ],
16 silly audit   json5: [ '2.2.3' ],
16 silly audit   'loose-envify': [ '1.4.0' ],
16 silly audit   'lru-cache': [ '5.1.1' ],
16 silly audit   ms: [ '2.1.3' ],
16 silly audit   nanoid: [ '3.3.11' ],
16 silly audit   'node-releases': [ '2.0.27' ],
16 silly audit   picocolors: [ '1.1.1' ],
16 silly audit   postcss: [ '8.5.6' ],
16 silly audit   react: [ '18.3.1' ],
16 silly audit   'react-dom': [ '18.3.1' ],
16 silly audit   'react-refresh': [ '0.14.2' ],
16 silly audit   rollup: [ '4.57.1' ],
16 silly audit   scheduler: [ '0.23.2' ],
16 silly audit   semver: [ '6.3.1' ],
16 silly audit   'source-map-js': [ '1.2.1' ],
16 silly audit   'update-browserslist-db': [ '1.2.3' ],
16 silly audit   vite: [ '6.0.7' ],
16 silly audit   yallist: [ '3.1.1' ]
16 silly audit }
17 http fetch POST 200 https://registry.npmjs.org/-/npm/v1/security/advisories/bulk 978ms
18 silly audit report {
18 silly audit report   esbuild: [
18 silly audit report     {
18 silly audit report       id: 1102341,
18 silly audit report       url: 'https://github.com/advisories/GHSA-67mh-4wv8-2f99',
18 silly audit report       title: 'esbuild enables any website to send any requests to the development server and read the response',
18 silly audit report       severity: 'moderate',
18 silly audit report       vulnerable_versions: '<=0.24.2',
18 silly audit report       cwe: [Array],
18 silly audit report       cvss: [Object]
18 silly audit report     }
18 silly audit report   ],
18 silly audit report   vite: [
18 silly audit report     {
18 silly audit report       id: 1102438,
18 silly audit report       url: 'https://github.com/advisories/GHSA-vg6x-rcgg-rjx6',
18 silly audit report       title: 'Websites were able to send any requests to the development server and read the response in vite',
18 silly audit report       severity: 'moderate',
18 silly audit report       vulnerable_versions: '>=6.0.0 <=6.0.8',
18 silly audit report       cwe: [Array],
18 silly audit report       cvss: [Object]
18 silly audit report     },
18 silly audit report     {
18 silly audit report       id: 1103518,
18 silly audit report       url: 'https://github.com/advisories/GHSA-x574-m823-4x7w',
18 silly audit report       title: 'Vite bypasses server.fs.deny when using ?raw??',
18 silly audit report       severity: 'moderate',
18 silly audit report       vulnerable_versions: '>=6.0.0 <6.0.12',
18 silly audit report       cwe: [Array],
18 silly audit report       cvss: [Object]
18 silly audit report     },
18 silly audit report     {
18 silly audit report       id: 1103885,
18 silly audit report       url: 'https://github.com/advisories/GHSA-356w-63v5-8wf4',
18 silly audit report       title: 'Vite has an `server.fs.deny` bypass with an invalid `request-target`',
18 silly audit report       severity: 'moderate',
18 silly audit report       vulnerable_versions: '>=6.0.0 <6.0.15',
18 silly audit report       cwe: [Array],
18 silly audit report       cvss: [Object]
18 silly audit report     },
18 silly audit report     {
18 silly audit report       id: 1104174,
18 silly audit report       url: 'https://github.com/advisories/GHSA-859w-5945-r5v3',
18 silly audit report       title: "Vite's server.fs.deny bypassed with /. for files under project root",
18 silly audit report       severity: 'moderate',
18 silly audit report       vulnerable_versions: '>=6.0.0 <=6.1.5',
18 silly audit report       cwe: [Array],
18 silly audit report       cvss: [Object]
18 silly audit report     },
18 silly audit report     {
18 silly audit report       id: 1104203,
18 silly audit report       url: 'https://github.com/advisories/GHSA-xcj6-pq6g-qj4x',
18 silly audit report       title: 'Vite allows server.fs.deny to be bypassed with .svg or relative paths',
18 silly audit report       severity: 'moderate',
18 silly audit report       vulnerable_versions: '>=6.0.0 <6.0.14',
18 silly audit report       cwe: [Array],
18 silly audit report       cvss: [Object]
18 silly audit report     },
18 silly audit report     {
18 silly audit report       id: 1107324,
18 silly audit report       url: 'https://github.com/advisories/GHSA-g4jq-h2w9-997c',
18 silly audit report       title: 'Vite middleware may serve files starting with the same name with the public directory',
18 silly audit report       severity: 'low',
18 silly audit report       vulnerable_versions: '>=6.0.0 <=6.3.5',
18 silly audit report       cwe: [Array],
18 silly audit report       cvss: [Object]
18 silly audit report     },
18 silly audit report     {
18 silly audit report       id: 1107328,
18 silly audit report       url: 'https://github.com/advisories/GHSA-jqfw-vq24-v9c3',
18 silly audit report       title: "Vite's `server.fs` settings were not applied to HTML files",
18 silly audit report       severity: 'low',
18 silly audit report       vulnerable_versions: '>=6.0.0 <=6.3.5',
18 silly audit report       cwe: [Array],
18 silly audit report       cvss: [Object]
18 silly audit report     },
18 silly audit report     {
18 silly audit report       id: 1109135,
18 silly audit report       url: 'https://github.com/advisories/GHSA-93m4-6634-74q7',
18 silly audit report       title: 'vite allows server.fs.deny bypass via backslash on Windows',
18 silly audit report       severity: 'moderate',
18 silly audit report       vulnerable_versions: '>=6.0.0 <=6.4.0',
18 silly audit report       cwe: [Array],
18 silly audit report       cvss: [Object]
18 silly audit report     },
18 silly audit report     {
18 silly audit report       id: 1112512,
18 silly audit report       url: 'https://github.com/advisories/GHSA-4r4m-qw57-chr8',
18 silly audit report       title: 'Vite has a `server.fs.deny` bypassed for `inline` and `raw` with `?import` query',
18 silly audit report       severity: 'moderate',
18 silly audit report       vulnerable_versions: '>=6.0.0 <6.0.13',
18 silly audit report       cwe: [Array],
18 silly audit report       cvss: [Object]
18 silly audit report     }
18 silly audit report   ]
18 silly audit report }
19 silly packumentCache corgi:https://registry.npmjs.org/esbuild cache-miss
20 silly packumentCache corgi:https://registry.npmjs.org/vite cache-miss
21 http fetch GET 200 https://registry.npmjs.org/esbuild 121ms (cache revalidated)
22 silly packumentCache corgi:https://registry.npmjs.org/esbuild set size:877737 disposed:false
23 http fetch GET 200 https://registry.npmjs.org/vite 820ms (cache revalidated)
24 silly packumentCache corgi:https://registry.npmjs.org/vite set size:2178388 disposed:false
25 silly packumentCache corgi:https://registry.npmjs.org/@vitejs%2fplugin-react cache-miss
26 http fetch GET 200 https://registry.npmjs.org/@vitejs%2fplugin-react 126ms (cache revalidated)
27 silly packumentCache corgi:https://registry.npmjs.org/@vitejs%2fplugin-react set size:106104 disposed:false
28 verbose cwd D:\telegram bot habit\frontend
29 verbose os Windows_NT 10.0.26200
30 verbose node v24.13.0
31 verbose npm  v11.6.2
32 verbose exit 0
33 info ok
